  stdafx.cpp
c:\program files (x86)\windows kits\8.1\include\um\dbghelp.h(1544): warning C4091: 'typedef ': 변수를 선언하지 않으면 '' 왼쪽은 무시됩니다.
c:\program files (x86)\windows kits\8.1\include\um\dbghelp.h(3190): warning C4091: 'typedef ': 변수를 선언하지 않으면 '' 왼쪽은 무시됩니다.
d:\프로젝트 관리 폴더\testservermodule\completeservermodule\completeservermodule\network\server\server.h(9): warning C4091: 'typedef ': 변수를 선언하지 않으면 'SERVERSTATE' 왼쪽은 무시됩니다.
cl : 명령줄 warning D9030: '/Gm'이(가) 다중 처리와 호환되지 않습니다. /MP 스위치를 무시합니다.
  Vector2D.cpp
  Thread.cpp
  Task.cpp
  Minidump.cpp
  Metrix.cpp
  Log.cpp
d:\프로젝트 관리 폴더\testservermodule\completeservermodule\completeservermodule\util\log.cpp(184): warning C4477: '_snwprintf_s' : 서식 문자열 '%X'에 'unsigned int' 형식의 인수가 필요하지만 variadic 인수 1의 형식이 'std::size_t'입니다.
  d:\프로젝트 관리 폴더\testservermodule\completeservermodule\completeservermodule\util\log.cpp(184): note: 서식 문자열에서 '%zX'을(를) 사용하는 것이 좋습니다.
  Lock.cpp
  Config.cpp
d:\프로젝트 관리 폴더\testservermodule\completeservermodule\completeservermodule\util\config.cpp(13): warning C4244: '초기화 중': 'std::streamoff'에서 'int'(으)로 변환하면서 데이터가 손실될 수 있습니다.
  Clock.cpp
  Assert.cpp
  Shutdown.cpp
  Stream.cpp
  SessionManager.cpp
  Session.cpp
  PacketAnalyzer.cpp
  IOCPSession.cpp
d:\프로젝트 관리 폴더\testservermodule\completeservermodule\completeservermodule\network\session\iocpsession.cpp(76): warning C4838: 'std::size_t'에서 'packet_size_t'(으)로의 변환에는 축소 변환이 필요합니다.
d:\프로젝트 관리 폴더\testservermodule\completeservermodule\completeservermodule\network\session\iocpsession.cpp(183): warning C4267: '초기화 중': 'size_t'에서 'packet_size_t'(으)로 변환하면서 데이터가 손실될 수 있습니다.
  Server.cpp
  IOCPServer.cpp
  ContentsProcess.cpp
  QueryStatement.cpp
  코드를 생성하고 있습니다...
  컴파일하고 있습니다...
  QueryRecord.cpp
  Query.cpp
  ODBCDatabase.cpp
  DBManager.cpp
  코드를 생성하고 있습니다...
d:\프로젝트 관리 폴더\testservermodule\completeservermodule\completeservermodule\database\odbcdatabase.cpp(159): warning C4715: 'ODBCDatabase::disconnect': 모든 제어 경로에서 값을 반환하지는 않습니다.
  CompleteServerModule.vcxproj -> D:\프로젝트 관리 폴더\TestServerModule\CompleteServerModule\x64\Debug\CompleteServerModule.lib
