d:\프로젝트 관리 폴더\testservermodule\completeservermodule\completeservermodule\x64\debug\completeservermodule.pch
d:\프로젝트 관리 폴더\testservermodule\completeservermodule\completeservermodule\x64\debug\completeservermodule.pdb
d:\프로젝트 관리 폴더\testservermodule\completeservermodule\completeservermodule\x64\debug\completeservermodule.idb
d:\프로젝트 관리 폴더\testservermodule\completeservermodule\completeservermodule\x64\debug\stdafx.obj
d:\프로젝트 관리 폴더\testservermodule\completeservermodule\completeservermodule\x64\debug\json_reader.obj
d:\프로젝트 관리 폴더\testservermodule\completeservermodule\completeservermodule\x64\debug\json_value.obj
d:\프로젝트 관리 폴더\testservermodule\completeservermodule\completeservermodule\x64\debug\json_writer.obj
d:\프로젝트 관리 폴더\testservermodule\completeservermodule\completeservermodule\x64\debug\contentsprocess.obj
d:\프로젝트 관리 폴더\testservermodule\completeservermodule\completeservermodule\x64\debug\iocpserver.obj
d:\프로젝트 관리 폴더\testservermodule\completeservermodule\completeservermodule\x64\debug\server.obj
d:\프로젝트 관리 폴더\testservermodule\completeservermodule\completeservermodule\x64\debug\iocpsession.obj
d:\프로젝트 관리 폴더\testservermodule\completeservermodule\completeservermodule\x64\debug\packetanalyzer.obj
d:\프로젝트 관리 폴더\testservermodule\completeservermodule\completeservermodule\x64\debug\session.obj
d:\프로젝트 관리 폴더\testservermodule\completeservermodule\completeservermodule\x64\debug\sessionmanager.obj
d:\프로젝트 관리 폴더\testservermodule\completeservermodule\completeservermodule\x64\debug\shutdown.obj
d:\프로젝트 관리 폴더\testservermodule\completeservermodule\completeservermodule\x64\debug\assert.obj
d:\프로젝트 관리 폴더\testservermodule\completeservermodule\completeservermodule\x64\debug\clock.obj
d:\프로젝트 관리 폴더\testservermodule\completeservermodule\completeservermodule\x64\debug\config.obj
d:\프로젝트 관리 폴더\testservermodule\completeservermodule\completeservermodule\x64\debug\lock.obj
d:\프로젝트 관리 폴더\testservermodule\completeservermodule\completeservermodule\x64\debug\log.obj
d:\프로젝트 관리 폴더\testservermodule\completeservermodule\completeservermodule\x64\debug\metrix.obj
d:\프로젝트 관리 폴더\testservermodule\completeservermodule\completeservermodule\x64\debug\minidump.obj
d:\프로젝트 관리 폴더\testservermodule\completeservermodule\completeservermodule\x64\debug\stream.obj
d:\프로젝트 관리 폴더\testservermodule\completeservermodule\completeservermodule\x64\debug\task.obj
d:\프로젝트 관리 폴더\testservermodule\completeservermodule\completeservermodule\x64\debug\thread.obj
d:\프로젝트 관리 폴더\testservermodule\completeservermodule\completeservermodule\x64\debug\vector2d.obj
d:\프로젝트 관리 폴더\testservermodule\completeservermodule\x64\debug\completeservermodule.lib
d:\프로젝트 관리 폴더\testservermodule\completeservermodule\x64\debug\completeservermodule.pdb
d:\프로젝트 관리 폴더\testservermodule\completeservermodule\completeservermodule\x64\debug\complete.817449c1.tlog\cl.command.1.tlog
d:\프로젝트 관리 폴더\testservermodule\completeservermodule\completeservermodule\x64\debug\complete.817449c1.tlog\cl.read.1.tlog
d:\프로젝트 관리 폴더\testservermodule\completeservermodule\completeservermodule\x64\debug\complete.817449c1.tlog\cl.write.1.tlog
d:\프로젝트 관리 폴더\testservermodule\completeservermodule\completeservermodule\x64\debug\complete.817449c1.tlog\lib-link.read.1.tlog
d:\프로젝트 관리 폴더\testservermodule\completeservermodule\completeservermodule\x64\debug\complete.817449c1.tlog\lib-link.write.1.tlog
d:\프로젝트 관리 폴더\testservermodule\completeservermodule\completeservermodule\x64\debug\complete.817449c1.tlog\lib.command.1.tlog
