d:\프로젝트 관리 폴더\testservermodule\completeservermodule\completeservermodule\x64\debug\ to x64\debug\completeservermodule\completeservermodule.pch
d:\프로젝트 관리 폴더\testservermodule\completeservermodule\completeservermodule\x64\debug\ to x64\debug\completeservermodule\completeservermodule.pdb
d:\프로젝트 관리 폴더\testservermodule\completeservermodule\completeservermodule\x64\debug\ to x64\debug\completeservermodule\completeservermodule.idb
d:\프로젝트 관리 폴더\testservermodule\completeservermodule\completeservermodule\x64\debug\ to x64\debug\completeservermodule\stdafx.obj
d:\프로젝트 관리 폴더\testservermodule\completeservermodule\completeservermodule\x64\debug\ to x64\debug\completeservermodule\querystatement.obj
d:\프로젝트 관리 폴더\testservermodule\completeservermodule\completeservermodule\x64\debug\ to x64\debug\completeservermodule\contentsprocess.obj
d:\프로젝트 관리 폴더\testservermodule\completeservermodule\completeservermodule\x64\debug\ to x64\debug\completeservermodule\iocpserver.obj
d:\프로젝트 관리 폴더\testservermodule\completeservermodule\completeservermodule\x64\debug\ to x64\debug\completeservermodule\server.obj
d:\프로젝트 관리 폴더\testservermodule\completeservermodule\completeservermodule\x64\debug\ to x64\debug\completeservermodule\iocpsession.obj
d:\프로젝트 관리 폴더\testservermodule\completeservermodule\completeservermodule\x64\debug\ to x64\debug\completeservermodule\packetanalyzer.obj
d:\프로젝트 관리 폴더\testservermodule\completeservermodule\completeservermodule\x64\debug\ to x64\debug\completeservermodule\session.obj
d:\프로젝트 관리 폴더\testservermodule\completeservermodule\completeservermodule\x64\debug\ to x64\debug\completeservermodule\sessionmanager.obj
d:\프로젝트 관리 폴더\testservermodule\completeservermodule\completeservermodule\x64\debug\ to x64\debug\completeservermodule\shutdown.obj
d:\프로젝트 관리 폴더\testservermodule\completeservermodule\completeservermodule\x64\debug\ to x64\debug\completeservermodule\assert.obj
d:\프로젝트 관리 폴더\testservermodule\completeservermodule\completeservermodule\x64\debug\ to x64\debug\completeservermodule\clock.obj
d:\프로젝트 관리 폴더\testservermodule\completeservermodule\completeservermodule\x64\debug\ to x64\debug\completeservermodule\config.obj
d:\프로젝트 관리 폴더\testservermodule\completeservermodule\completeservermodule\x64\debug\ to x64\debug\completeservermodule\lock.obj
d:\프로젝트 관리 폴더\testservermodule\completeservermodule\completeservermodule\x64\debug\ to x64\debug\completeservermodule\log.obj
d:\프로젝트 관리 폴더\testservermodule\completeservermodule\completeservermodule\x64\debug\ to x64\debug\completeservermodule\metrix.obj
d:\프로젝트 관리 폴더\testservermodule\completeservermodule\completeservermodule\x64\debug\ to x64\debug\completeservermodule\minidump.obj
d:\프로젝트 관리 폴더\testservermodule\completeservermodule\completeservermodule\x64\debug\ to x64\debug\completeservermodule\stream.obj
d:\프로젝트 관리 폴더\testservermodule\completeservermodule\completeservermodule\x64\debug\ to x64\debug\completeservermodule\task.obj
d:\프로젝트 관리 폴더\testservermodule\completeservermodule\completeservermodule\x64\debug\ to x64\debug\completeservermodule\thread.obj
d:\프로젝트 관리 폴더\testservermodule\completeservermodule\completeservermodule\x64\debug\ to x64\debug\completeservermodule\vector2d.obj
d:\프로젝트 관리 폴더\testservermodule\completeservermodule\completeservermodule\x64\debug\ to x64\debug\completeservermodule\dbmanager.obj
d:\프로젝트 관리 폴더\testservermodule\completeservermodule\completeservermodule\x64\debug\ to x64\debug\completeservermodule\odbcdatabase.obj
d:\프로젝트 관리 폴더\testservermodule\completeservermodule\completeservermodule\x64\debug\ to x64\debug\completeservermodule\query.obj
d:\프로젝트 관리 폴더\testservermodule\completeservermodule\completeservermodule\x64\debug\ to x64\debug\completeservermodule\queryrecord.obj
d:\프로젝트 관리 폴더\testservermodule\completeservermodule\completeservermodule\x64\debug\ to x64\debug\completeservermodule\json_reader.obj
d:\프로젝트 관리 폴더\testservermodule\completeservermodule\completeservermodule\x64\debug\ to x64\debug\completeservermodule\json_value.obj
d:\프로젝트 관리 폴더\testservermodule\completeservermodule\completeservermodule\x64\debug\ to x64\debug\completeservermodule\json_writer.obj
d:\프로젝트 관리 폴더\testservermodule\completeservermodule\x64\debug\completeservermodule.lib
d:\프로젝트 관리 폴더\testservermodule\completeservermodule\x64\debug\completeservermodule.pdb
d:\프로젝트 관리 폴더\testservermodule\completeservermodule\completeservermodule\x64\debug\ to x64\debug\completeservermodule\complete.817449c1.tlog\cl.command.1.tlog
d:\프로젝트 관리 폴더\testservermodule\completeservermodule\completeservermodule\x64\debug\ to x64\debug\completeservermodule\complete.817449c1.tlog\cl.read.1.tlog
d:\프로젝트 관리 폴더\testservermodule\completeservermodule\completeservermodule\x64\debug\ to x64\debug\completeservermodule\complete.817449c1.tlog\cl.write.1.tlog
d:\프로젝트 관리 폴더\testservermodule\completeservermodule\completeservermodule\x64\debug\ to x64\debug\completeservermodule\complete.817449c1.tlog\lib-link.read.1.tlog
d:\프로젝트 관리 폴더\testservermodule\completeservermodule\completeservermodule\x64\debug\ to x64\debug\completeservermodule\complete.817449c1.tlog\lib-link.write.1.tlog
d:\프로젝트 관리 폴더\testservermodule\completeservermodule\completeservermodule\x64\debug\ to x64\debug\completeservermodule\complete.817449c1.tlog\lib.command.1.tlog
